
Solver will write file: ss_24F104.lp

Reading data files.[    0.03]
Creating Temoa model instance.[    0.18]
Solving.[    0.17]
Calculating reporting variables and formatting results.[    0.88]
Model name: Temoa
Objective function value (TotalCost): 36535.631200002914
Non-zero variable values:
     56.75475172950841     Costs[V_DiscountedFixedCostsByProcess,utopia,E01,1960]
    117.72911673378935     Costs[V_DiscountedFixedCostsByProcess,utopia,E01,1970]
    146.74696226450504     Costs[V_DiscountedFixedCostsByProcess,utopia,E01,1980]
    893.4232187509159      Costs[V_DiscountedFixedCostsByProcess,utopia,E01,2000]
    128.28045634461046     Costs[V_DiscountedFixedCostsByProcess,utopia,E01,2010]
    121.0580518367024      Costs[V_DiscountedFixedCostsByProcess,utopia,E31,1980]
     36.31741555101072     Costs[V_DiscountedFixedCostsByProcess,utopia,E31,1990]
    242.1161036734048      Costs[V_DiscountedFixedCostsByProcess,utopia,E51,1980]
      2.879288010497612    Costs[V_DiscountedFixedCostsByProcess,utopia,E51,2010]
     12.161732513466088    Costs[V_DiscountedFixedCostsByProcess,utopia,E70,1960]
     19.62798128950049     Costs[V_DiscountedFixedCostsByProcess,utopia,E70,1970]
     96.8464414693619      Costs[V_DiscountedFixedCostsByProcess,utopia,E70,1980]
    101.34777094555074     Costs[V_DiscountedFixedCostsByProcess,utopia,RHO,1970]
    163.5665107458374      Costs[V_DiscountedFixedCostsByProcess,utopia,RHO,1980]
    263.6588359478062      Costs[V_DiscountedFixedCostsByProcess,utopia,RHO,1990]
    132.92826845255107     Costs[V_DiscountedFixedCostsByProcess,utopia,RHO,2010]
    429.5199610889197      Costs[V_DiscountedFixedCostsByProcess,utopia,RL1,1980]
    214.8244162086225      Costs[V_DiscountedFixedCostsByProcess,utopia,RL1,1990]
    593.3573225380716      Costs[V_DiscountedFixedCostsByProcess,utopia,RL1,2000]
    546.4048865873717      Costs[V_DiscountedFixedCostsByProcess,utopia,RL1,2010]
    168.64269085339643     Costs[V_DiscountedFixedCostsByProcess,utopia,TXD,1970]
    136.08733694053672     Costs[V_DiscountedFixedCostsByProcess,utopia,TXD,1980]
    542.7593280291827      Costs[V_DiscountedFixedCostsByProcess,utopia,TXD,2000]
    632.4185826331761      Costs[V_DiscountedFixedCostsByProcess,utopia,TXD,2010]
   1206.443865335836       Costs[V_DiscountedFixedCostsByProcess,utopia,TXG,1970]
    942.1431018960235      Costs[V_DiscountedFixedCostsByProcess,utopia,TXG,1980]
   1458.0635202677452      Costs[V_DiscountedFixedCostsByProcess,utopia,TXG,2000]
    683.5107680874992      Costs[V_DiscountedFixedCostsByProcess,utopia,TXG,2010]
    831.4189560612037      Costs[V_DiscountedInvestmentByProcess,utopia,E01,2000]
     89.71138931164467     Costs[V_DiscountedInvestmentByProcess,utopia,E01,2010]
     73.19141448137526     Costs[V_DiscountedInvestmentByProcess,utopia,E31,1990]
      4.352026961243671    Costs[V_DiscountedInvestmentByProcess,utopia,E51,2010]
   1559.9161320101543      Costs[V_DiscountedInvestmentByProcess,utopia,RHE,2000]
   1715.138565             Costs[V_DiscountedInvestmentByProcess,utopia,RHO,1990]
    864.7174625574702      Costs[V_DiscountedInvestmentByProcess,utopia,RHO,2010]
      8.841553178503494    Costs[V_DiscountedInvestmentByProcess,utopia,SRE,1990]
   1049.835865308953       Costs[V_DiscountedInvestmentByProcess,utopia,TXD,2000]
   1223.259879009328       Costs[V_DiscountedInvestmentByProcess,utopia,TXD,2010]
   3055.2915567324662      Costs[V_DiscountedInvestmentByProcess,utopia,TXG,2000]
   1432.2590543174547      Costs[V_DiscountedInvestmentByProcess,utopia,TXG,2010]
      2.3784926484810383   Costs[V_DiscountedVariableCostsByProcess,utopia,E01,1960]
     13.099236391114658    Costs[V_DiscountedVariableCostsByProcess,utopia,E01,1970]
     10.148526083445507    Costs[V_DiscountedVariableCostsByProcess,utopia,E01,1980]
     52.33591376865937     Costs[V_DiscountedVariableCostsByProcess,utopia,E01,2000]
      4.855158680782152    Costs[V_DiscountedVariableCostsByProcess,utopia,E01,2010]
   6980.780780095836       Costs[V_DiscountedVariableCostsByProcess,utopia,IMPDSL1,1990]
   5749.119552727494       Costs[V_DiscountedVariableCostsByProcess,utopia,IMPGSL1,1990]
   1725.3609979519053      Costs[V_DiscountedVariableCostsByProcess,utopia,IMPHCO1,1990]
     70.0                  Costs[V_UndiscountedFixedCostsByProcess,utopia,E01,1960]
    192.5                  Costs[V_UndiscountedFixedCostsByProcess,utopia,E01,1970]
    315.0                  Costs[V_UndiscountedFixedCostsByProcess,utopia,E01,1980]
   2322.3531700000003      Costs[V_UndiscountedFixedCostsByProcess,utopia,E01,2000]
    419.79986              Costs[V_UndiscountedFixedCostsByProcess,utopia,E01,2010]
    225.0                  Costs[V_UndiscountedFixedCostsByProcess,utopia,E31,1980]
     67.5                  Costs[V_UndiscountedFixedCostsByProcess,utopia,E31,1990]
    450.0                  Costs[V_UndiscountedFixedCostsByProcess,utopia,E51,1980]
      9.422516400000001    Costs[V_UndiscountedFixedCostsByProcess,utopia,E51,2010]
     15.0                  Costs[V_UndiscountedFixedCostsByProcess,utopia,E70,1960]
     30.0                  Costs[V_UndiscountedFixedCostsByProcess,utopia,E70,1970]
    180.0                  Costs[V_UndiscountedFixedCostsByProcess,utopia,E70,1980]
    125.0                  Costs[V_UndiscountedFixedCostsByProcess,utopia,RHO,1970]
    250.0                  Costs[V_UndiscountedFixedCostsByProcess,utopia,RHO,1980]
    490.03959              Costs[V_UndiscountedFixedCostsByProcess,utopia,RHO,1990]
    435.0099               Costs[V_UndiscountedFixedCostsByProcess,utopia,RHO,2010]
    529.76                 Costs[V_UndiscountedFixedCostsByProcess,utopia,RL1,1980]
    264.95947346           Costs[V_UndiscountedFixedCostsByProcess,utopia,RL1,1990]
   1192.0791960000001      Costs[V_UndiscountedFixedCostsByProcess,utopia,RL1,2000]
   1788.1187940000004      Costs[V_UndiscountedFixedCostsByProcess,utopia,RL1,2010]
    208.0                  Costs[V_UndiscountedFixedCostsByProcess,utopia,TXD,1970]
    208.0                  Costs[V_UndiscountedFixedCostsByProcess,utopia,TXD,1980]
   1216.8000000000002      Costs[V_UndiscountedFixedCostsByProcess,utopia,TXD,2000]
   2069.6                  Costs[V_UndiscountedFixedCostsByProcess,utopia,TXD,2010]
   1488.0                  Costs[V_UndiscountedFixedCostsByProcess,utopia,TXG,1970]
   1440.0                  Costs[V_UndiscountedFixedCostsByProcess,utopia,TXG,1980]
   3268.8                  Costs[V_UndiscountedFixedCostsByProcess,utopia,TXG,2000]
   2236.8                  Costs[V_UndiscountedFixedCostsByProcess,utopia,TXG,2010]
   1289.8036858371474      Costs[V_UndiscountedInvestmentByProcess,utopia,E01,2000]
    226.69621274848063     Costs[V_UndiscountedInvestmentByProcess,utopia,E01,2010]
     69.70610902988119     Costs[V_UndiscountedInvestmentByProcess,utopia,E31,1990]
     10.997355379994747    Costs[V_UndiscountedInvestmentByProcess,utopia,E51,2010]
   2419.94191014742        Costs[V_UndiscountedInvestmentByProcess,utopia,RHE,2000]
   1633.4652999999998      Costs[V_UndiscountedInvestmentByProcess,utopia,RHO,1990]
   2185.097960954327       Costs[V_UndiscountedInvestmentByProcess,utopia,RHO,2010]
      8.420526836669994    Costs[V_UndiscountedInvestmentByProcess,utopia,SRE,1990]
   1628.64                 Costs[V_UndiscountedInvestmentByProcess,utopia,TXD,2000]
   3091.116790257803       Costs[V_UndiscountedInvestmentByProcess,utopia,TXD,2010]
   4739.76                 Costs[V_UndiscountedInvestmentByProcess,utopia,TXG,2000]
   3619.247297136021       Costs[V_UndiscountedInvestmentByProcess,utopia,TXG,2010]
      2.9335779            Costs[V_UndiscountedVariableCostsByProcess,utopia,E01,1960]
     20.758333829999998    Costs[V_UndiscountedVariableCostsByProcess,utopia,E01,1970]
     22.20702546           Costs[V_UndiscountedVariableCostsByProcess,utopia,E01,1980]
    133.38289358999998     Costs[V_UndiscountedVariableCostsByProcess,utopia,E01,2000]
     15.888584999999999    Costs[V_UndiscountedVariableCostsByProcess,utopia,E01,2010]
  14404.901232000004       Costs[V_UndiscountedVariableCostsByProcess,utopia,IMPDSL1,1990]
  11409.090900000003       Costs[V_UndiscountedVariableCostsByProcess,utopia,IMPGSL1,1990]
   4066.0503444            Costs[V_UndiscountedVariableCostsByProcess,utopia,IMPHCO1,1990]
  36535.631200002914       Objective[('TotalCost')]
      0.175                V_Capacity[utopia,E01,1960]
      0.175                V_Capacity[utopia,E01,1970]
      0.15                 V_Capacity[utopia,E01,1980]
      1.3660901            V_Capacity[utopia,E01,2000]
      0.41979986           V_Capacity[utopia,E01,2010]
      0.1                  V_Capacity[utopia,E31,1980]
      0.03                 V_Capacity[utopia,E31,1990]
      0.5                  V_Capacity[utopia,E51,1980]
      0.031408388          V_Capacity[utopia,E51,2010]
      0.05                 V_Capacity[utopia,E70,1960]
      0.05                 V_Capacity[utopia,E70,1970]
      0.2                  V_Capacity[utopia,E70,1980]
    106.08555              V_Capacity[utopia,IMPDSL1,1990]
     30.0                  V_Capacity[utopia,IMPGSL1,1990]
    152.64492              V_Capacity[utopia,IMPHCO1,1990]
      3.5236094            V_Capacity[utopia,IMPHYD,1990]
     33.167327             V_Capacity[utopia,RHE,2000]
     12.5                  V_Capacity[utopia,RHO,1970]
     12.5                  V_Capacity[utopia,RHO,1980]
     16.334653             V_Capacity[utopia,RHO,1990]
     43.50099              V_Capacity[utopia,RHO,2010]
      5.6                  V_Capacity[utopia,RL1,1980]
      2.8008401            V_Capacity[utopia,RL1,1990]
     12.60126              V_Capacity[utopia,RL1,2000]
     18.90189              V_Capacity[utopia,RL1,2010]
      0.1                  V_Capacity[utopia,SRE,1990]
      0.4                  V_Capacity[utopia,TXD,1970]
      0.2                  V_Capacity[utopia,TXD,1980]
      1.56                 V_Capacity[utopia,TXD,2000]
      3.98                 V_Capacity[utopia,TXD,2010]
      3.1                  V_Capacity[utopia,TXG,1970]
      1.5                  V_Capacity[utopia,TXG,1980]
      4.54                 V_Capacity[utopia,TXG,2000]
      4.66                 V_Capacity[utopia,TXG,2010]
      0.5                  V_CapacityAvailableByPeriodAndTech[utopia,1990,E01]
      0.13                 V_CapacityAvailableByPeriodAndTech[utopia,1990,E31]
      0.5                  V_CapacityAvailableByPeriodAndTech[utopia,1990,E51]
      0.3                  V_CapacityAvailableByPeriodAndTech[utopia,1990,E70]
    106.08555              V_CapacityAvailableByPeriodAndTech[utopia,1990,IMPDSL1]
     30.0                  V_CapacityAvailableByPeriodAndTech[utopia,1990,IMPGSL1]
    152.64492              V_CapacityAvailableByPeriodAndTech[utopia,1990,IMPHCO1]
      3.5236094            V_CapacityAvailableByPeriodAndTech[utopia,1990,IMPHYD]
     41.334653             V_CapacityAvailableByPeriodAndTech[utopia,1990,RHO]
      8.4008401            V_CapacityAvailableByPeriodAndTech[utopia,1990,RL1]
      0.1                  V_CapacityAvailableByPeriodAndTech[utopia,1990,SRE]
      0.6                  V_CapacityAvailableByPeriodAndTech[utopia,1990,TXD]
      4.6                  V_CapacityAvailableByPeriodAndTech[utopia,1990,TXG]
      1.6910901            V_CapacityAvailableByPeriodAndTech[utopia,2000,E01]
      0.13                 V_CapacityAvailableByPeriodAndTech[utopia,2000,E31]
      0.5                  V_CapacityAvailableByPeriodAndTech[utopia,2000,E51]
      0.25                 V_CapacityAvailableByPeriodAndTech[utopia,2000,E70]
    106.08555              V_CapacityAvailableByPeriodAndTech[utopia,2000,IMPDSL1]
     30.0                  V_CapacityAvailableByPeriodAndTech[utopia,2000,IMPGSL1]
    152.64492              V_CapacityAvailableByPeriodAndTech[utopia,2000,IMPHCO1]
      3.5236094            V_CapacityAvailableByPeriodAndTech[utopia,2000,IMPHYD]
     33.167327             V_CapacityAvailableByPeriodAndTech[utopia,2000,RHE]
     28.834653             V_CapacityAvailableByPeriodAndTech[utopia,2000,RHO]
     12.60126              V_CapacityAvailableByPeriodAndTech[utopia,2000,RL1]
      0.1                  V_CapacityAvailableByPeriodAndTech[utopia,2000,SRE]
      1.76                 V_CapacityAvailableByPeriodAndTech[utopia,2000,TXD]
      6.04                 V_CapacityAvailableByPeriodAndTech[utopia,2000,TXG]
      1.9358899            V_CapacityAvailableByPeriodAndTech[utopia,2010,E01]
      0.13                 V_CapacityAvailableByPeriodAndTech[utopia,2010,E31]
      0.53140839           V_CapacityAvailableByPeriodAndTech[utopia,2010,E51]
      0.2                  V_CapacityAvailableByPeriodAndTech[utopia,2010,E70]
    106.08555              V_CapacityAvailableByPeriodAndTech[utopia,2010,IMPDSL1]
     30.0                  V_CapacityAvailableByPeriodAndTech[utopia,2010,IMPGSL1]
    152.64492              V_CapacityAvailableByPeriodAndTech[utopia,2010,IMPHCO1]
      3.5236094            V_CapacityAvailableByPeriodAndTech[utopia,2010,IMPHYD]
     33.167327             V_CapacityAvailableByPeriodAndTech[utopia,2010,RHE]
     59.835644             V_CapacityAvailableByPeriodAndTech[utopia,2010,RHO]
     18.90189              V_CapacityAvailableByPeriodAndTech[utopia,2010,RL1]
      0.1                  V_CapacityAvailableByPeriodAndTech[utopia,2010,SRE]
      4.76                 V_CapacityAvailableByPeriodAndTech[utopia,2010,TXD]
      6.93                 V_CapacityAvailableByPeriodAndTech[utopia,2010,TXG]
      2.8948051687499996   V_EmissionActivityByPeriodAndProcess[utopia,1990,co2,IMPDSL1,1990]
      1.4935065            V_EmissionActivityByPeriodAndProcess[utopia,1990,co2,IMPGSL1,1990]
      1.30802532998        V_EmissionActivityByPeriodAndProcess[utopia,1990,co2,IMPHCO1,1990]
      0.4                  V_EmissionActivityByPeriodAndProcess[utopia,1990,nox,TXD,1970]
      0.2                  V_EmissionActivityByPeriodAndProcess[utopia,1990,nox,TXD,1980]
      3.1                  V_EmissionActivityByPeriodAndProcess[utopia,1990,nox,TXG,1970]
      1.5                  V_EmissionActivityByPeriodAndProcess[utopia,1990,nox,TXG,1980]
      2.45492240025        V_EmissionActivityByPeriodAndProcess[utopia,2000,co2,IMPDSL1,1990]
      1.9610389499999998   V_EmissionActivityByPeriodAndProcess[utopia,2000,co2,IMPGSL1,1990]
      7.7428385896         V_EmissionActivityByPeriodAndProcess[utopia,2000,co2,IMPHCO1,1990]
      0.20000000000000004  V_EmissionActivityByPeriodAndProcess[utopia,2000,nox,TXD,1980]
      1.5599999999999998   V_EmissionActivityByPeriodAndProcess[utopia,2000,nox,TXD,2000]
      1.5                  V_EmissionActivityByPeriodAndProcess[utopia,2000,nox,TXG,1980]
      4.54                 V_EmissionActivityByPeriodAndProcess[utopia,2000,nox,TXG,2000]
      5.453948355          V_EmissionActivityByPeriodAndProcess[utopia,2010,co2,IMPDSL1,1990]
      2.25                 V_EmissionActivityByPeriodAndProcess[utopia,2010,co2,IMPGSL1,1990]
      9.043060113          V_EmissionActivityByPeriodAndProcess[utopia,2010,co2,IMPHCO1,1990]
      0.7799999999999999   V_EmissionActivityByPeriodAndProcess[utopia,2010,nox,TXD,2000]
      3.98                 V_EmissionActivityByPeriodAndProcess[utopia,2010,nox,TXD,2010]
      2.27                 V_EmissionActivityByPeriodAndProcess[utopia,2010,nox,TXG,2000]
      4.66                 V_EmissionActivityByPeriodAndProcess[utopia,2010,nox,TXG,2010]
      1.3064098857142858   V_FlowIn[utopia,1990,inter,day,DSL,RHO,1970,RH]
      1.3064098857142858   V_FlowIn[utopia,1990,inter,day,DSL,RHO,1980,RH]
      1.707180285714286    V_FlowIn[utopia,1990,inter,day,DSL,RHO,1990,RH]
      0.28865800865800867  V_FlowIn[utopia,1990,inter,day,DSL,TXD,1970,TX]
      0.14432900432900433  V_FlowIn[utopia,1990,inter,day,DSL,TXD,1980,TX]
      0.559944             V_FlowIn[utopia,1990,inter,day,ELC,RL1,1980,RL]
      0.280056             V_FlowIn[utopia,1990,inter,day,ELC,RL1,1990,RL]
      2.2370995670995666   V_FlowIn[utopia,1990,inter,day,GSL,TXG,1970,TX]
      1.0824675324675324   V_FlowIn[utopia,1990,inter,day,GSL,TXG,1980,TX]
      1.5386644374999998   V_FlowIn[utopia,1990,inter,day,HCO,E01,1970,ELC]
      0.45183515625        V_FlowIn[utopia,1990,inter,day,HYD,E31,1980,ELC]
      0.135550540625       V_FlowIn[utopia,1990,inter,day,HYD,E31,1990,ELC]
      4.752987             V_FlowIn[utopia,1990,inter,day,ethos,IMPDSL1,1990,DSL]
      3.3195671            V_FlowIn[utopia,1990,inter,day,ethos,IMPGSL1,1990,GSL]
      1.5386644            V_FlowIn[utopia,1990,inter,day,ethos,IMPHCO1,1990,HCO]
      0.58738568           V_FlowIn[utopia,1990,inter,day,ethos,IMPHYD,1990,HYD]
      0.6532049428571429   V_FlowIn[utopia,1990,inter,night,DSL,RHO,1970,RH]
      0.6532049428571429   V_FlowIn[utopia,1990,inter,night,DSL,RHO,1980,RH]
      0.8535901142857144   V_FlowIn[utopia,1990,inter,night,DSL,RHO,1990,RH]
      0.14424242424242426  V_FlowIn[utopia,1990,inter,night,DSL,TXD,1970,TX]
      0.07212121212121213  V_FlowIn[utopia,1990,inter,night,DSL,TXD,1980,TX]
      0.059963961          V_FlowIn[utopia,1990,inter,night,ELC,E51,1980,ELC]
      0.186648             V_FlowIn[utopia,1990,inter,night,ELC,RL1,1980,RL]
      0.093352             V_FlowIn[utopia,1990,inter,night,ELC,RL1,1990,RL]
      1.117878787878788    V_FlowIn[utopia,1990,inter,night,GSL,TXG,1970,TX]
      0.5409090909090909   V_FlowIn[utopia,1990,inter,night,GSL,TXG,1980,TX]
      0.76887071875        V_FlowIn[utopia,1990,inter,night,HCO,E01,1970,ELC]
      0.225782046875       V_FlowIn[utopia,1990,inter,night,HYD,E31,1980,ELC]
      0.0677346125         V_FlowIn[utopia,1990,inter,night,HYD,E31,1990,ELC]
      2.3763636            V_FlowIn[utopia,1990,inter,night,ethos,IMPDSL1,1990,DSL]
      1.6587879            V_FlowIn[utopia,1990,inter,night,ethos,IMPGSL1,1990,GSL]
      0.76887072           V_FlowIn[utopia,1990,inter,night,ethos,IMPHCO1,1990,HCO]
      0.29351666           V_FlowIn[utopia,1990,inter,night,ethos,IMPHYD,1990,HYD]
      0.28865800865800867  V_FlowIn[utopia,1990,summer,day,DSL,TXD,1970,TX]
      0.14432900432900433  V_FlowIn[utopia,1990,summer,day,DSL,TXD,1980,TX]
      0.559944             V_FlowIn[utopia,1990,summer,day,ELC,RL1,1980,RL]
      0.280056             V_FlowIn[utopia,1990,summer,day,ELC,RL1,1990,RL]
      2.2370995670995666   V_FlowIn[utopia,1990,summer,day,GSL,TXG,1970,TX]
      1.0824675324675324   V_FlowIn[utopia,1990,summer,day,GSL,TXG,1980,TX]
      2.0376143124999997   V_FlowIn[utopia,1990,summer,day,HCO,E01,1960,ELC]
      0.45183515625        V_FlowIn[utopia,1990,summer,day,HYD,E31,1980,ELC]
      0.135550540625       V_FlowIn[utopia,1990,summer,day,HYD,E31,1990,ELC]
      0.43298701           V_FlowIn[utopia,1990,summer,day,ethos,IMPDSL1,1990,DSL]
      3.3195671            V_FlowIn[utopia,1990,summer,day,ethos,IMPGSL1,1990,GSL]
      2.0376143            V_FlowIn[utopia,1990,summer,day,ethos,IMPHCO1,1990,HCO]
      0.58738568           V_FlowIn[utopia,1990,summer,day,ethos,IMPHYD,1990,HYD]
      0.14424242424242426  V_FlowIn[utopia,1990,summer,night,DSL,TXD,1970,TX]
      0.07212121212121213  V_FlowIn[utopia,1990,summer,night,DSL,TXD,1980,TX]
      0.13974805           V_FlowIn[utopia,1990,summer,night,ELC,E51,1980,ELC]
      0.186648             V_FlowIn[utopia,1990,summer,night,ELC,RL1,1980,RL]
      0.093352             V_FlowIn[utopia,1990,summer,night,ELC,RL1,1990,RL]
      1.117878787878788    V_FlowIn[utopia,1990,summer,night,GSL,TXG,1970,TX]
      0.5409090909090909   V_FlowIn[utopia,1990,summer,night,GSL,TXG,1980,TX]
      1.018196             V_FlowIn[utopia,1990,summer,night,HCO,E01,1960,ELC]
      0.225782046875       V_FlowIn[utopia,1990,summer,night,HYD,E31,1980,ELC]
      0.0677346125         V_FlowIn[utopia,1990,summer,night,HYD,E31,1990,ELC]
      0.21636364           V_FlowIn[utopia,1990,summer,night,ethos,IMPDSL1,1990,DSL]
      1.6587879            V_FlowIn[utopia,1990,summer,night,ethos,IMPGSL1,1990,GSL]
      1.018196             V_FlowIn[utopia,1990,summer,night,ethos,IMPHCO1,1990,HCO]
      0.29351666           V_FlowIn[utopia,1990,summer,night,ethos,IMPHYD,1990,HYD]
      5.951785714285714    V_FlowIn[utopia,1990,winter,day,DSL,RHO,1970,RH]
      5.951785714285714    V_FlowIn[utopia,1990,winter,day,DSL,RHO,1980,RH]
      7.777628571428573    V_FlowIn[utopia,1990,winter,day,DSL,RHO,1990,RH]
      0.5771428571428571   V_FlowIn[utopia,1990,winter,day,DSL,TXD,1970,TX]
      0.28857142857142853  V_FlowIn[utopia,1990,winter,day,DSL,TXD,1980,TX]
      1.86648              V_FlowIn[utopia,1990,winter,day,ELC,RL1,1980,RL]
      0.93352              V_FlowIn[utopia,1990,winter,day,ELC,RL1,1990,RL]
      4.472857142857143    V_FlowIn[utopia,1990,winter,day,GSL,TXG,1970,TX]
      2.164285714285714    V_FlowIn[utopia,1990,winter,day,GSL,TXG,1980,TX]
      4.5991234375         V_FlowIn[utopia,1990,winter,day,HCO,E01,1970,ELC]
      1.62263334375        V_FlowIn[utopia,1990,winter,day,HCO,E01,1980,ELC]
      0.9033992500000001   V_FlowIn[utopia,1990,winter,day,HYD,E31,1980,ELC]
      0.27101976875        V_FlowIn[utopia,1990,winter,day,HYD,E31,1990,ELC]
     20.546914             V_FlowIn[utopia,1990,winter,day,ethos,IMPDSL1,1990,DSL]
      6.6371429            V_FlowIn[utopia,1990,winter,day,ethos,IMPGSL1,1990,GSL]
      6.2217567            V_FlowIn[utopia,1990,winter,day,ethos,IMPHCO1,1990,HCO]
      1.174419             V_FlowIn[utopia,1990,winter,day,ethos,IMPHYD,1990,HYD]
      2.9753485714285715   V_FlowIn[utopia,1990,winter,night,DSL,RHO,1970,RH]
      2.9753485714285715   V_FlowIn[utopia,1990,winter,night,DSL,RHO,1980,RH]
      3.8881030000000005   V_FlowIn[utopia,1990,winter,night,DSL,RHO,1990,RH]
      0.28865800865800867  V_FlowIn[utopia,1990,winter,night,DSL,TXD,1970,TX]
      0.14432900432900433  V_FlowIn[utopia,1990,winter,night,DSL,TXD,1980,TX]
      0.62374317           V_FlowIn[utopia,1990,winter,night,ELC,E51,1980,ELC]
      0.373296             V_FlowIn[utopia,1990,winter,night,ELC,RL1,1980,RL]
      0.186704             V_FlowIn[utopia,1990,winter,night,ELC,RL1,1990,RL]
      2.2370995670995666   V_FlowIn[utopia,1990,winter,night,GSL,TXG,1970,TX]
      1.0824675324675324   V_FlowIn[utopia,1990,winter,night,GSL,TXG,1980,TX]
      2.300251625          V_FlowIn[utopia,1990,winter,night,HCO,E01,1970,ELC]
      0.81156009375        V_FlowIn[utopia,1990,winter,night,HCO,E01,1980,ELC]
      0.45183515625        V_FlowIn[utopia,1990,winter,night,HYD,E31,1980,ELC]
      0.135550540625       V_FlowIn[utopia,1990,winter,night,HYD,E31,1990,ELC]
     10.271787             V_FlowIn[utopia,1990,winter,night,ethos,IMPDSL1,1990,DSL]
      3.3195671            V_FlowIn[utopia,1990,winter,night,ethos,IMPGSL1,1990,GSL]
      3.1118117            V_FlowIn[utopia,1990,winter,night,ethos,IMPHCO1,1990,HCO]
      0.58738568           V_FlowIn[utopia,1990,winter,night,ethos,IMPHYD,1990,HYD]
      1.3064098857142858   V_FlowIn[utopia,2000,inter,day,DSL,RHO,1980,RH]
      1.707180285714286    V_FlowIn[utopia,2000,inter,day,DSL,RHO,1990,RH]
      0.14432900432900433  V_FlowIn[utopia,2000,inter,day,DSL,TXD,1980,TX]
      1.1257662337662337   V_FlowIn[utopia,2000,inter,day,DSL,TXD,2000,TX]
      2.4264869            V_FlowIn[utopia,2000,inter,day,ELC,RHE,2000,RH]
      1.26                 V_FlowIn[utopia,2000,inter,day,ELC,RL1,2000,RL]
      1.0824675324675324   V_FlowIn[utopia,2000,inter,day,GSL,TXG,1980,TX]
      3.276268398268398    V_FlowIn[utopia,2000,inter,day,GSL,TXG,2000,TX]
      2.300251625          V_FlowIn[utopia,2000,inter,day,HCO,E01,1970,ELC]
      1.97164425           V_FlowIn[utopia,2000,inter,day,HCO,E01,1980,ELC]
      5.932006875          V_FlowIn[utopia,2000,inter,day,HCO,E01,2000,ELC]
      0.45183515625        V_FlowIn[utopia,2000,inter,day,HYD,E31,1980,ELC]
      0.135550540625       V_FlowIn[utopia,2000,inter,day,HYD,E31,1990,ELC]
      4.2836854            V_FlowIn[utopia,2000,inter,day,ethos,IMPDSL1,1990,DSL]
      4.3587359            V_FlowIn[utopia,2000,inter,day,ethos,IMPGSL1,1990,GSL]
     10.203903             V_FlowIn[utopia,2000,inter,day,ethos,IMPHCO1,1990,HCO]
      0.58738568           V_FlowIn[utopia,2000,inter,day,ethos,IMPHYD,1990,HYD]
      0.6532049428571429   V_FlowIn[utopia,2000,inter,night,DSL,RHO,1980,RH]
      0.8535901142857144   V_FlowIn[utopia,2000,inter,night,DSL,RHO,1990,RH]
      0.07212121212121213  V_FlowIn[utopia,2000,inter,night,DSL,TXD,1980,TX]
      0.5625454545454546   V_FlowIn[utopia,2000,inter,night,DSL,TXD,2000,TX]
      0.092326942          V_FlowIn[utopia,2000,inter,night,ELC,E51,1980,ELC]
      1.2132435            V_FlowIn[utopia,2000,inter,night,ELC,RHE,2000,RH]
      0.42                 V_FlowIn[utopia,2000,inter,night,ELC,RL1,2000,RL]
      0.5409090909090909   V_FlowIn[utopia,2000,inter,night,GSL,TXG,1980,TX]
      1.6371515151515152   V_FlowIn[utopia,2000,inter,night,GSL,TXG,2000,TX]
      1.149435875          V_FlowIn[utopia,2000,inter,night,HCO,E01,1970,ELC]
      0.98523075           V_FlowIn[utopia,2000,inter,night,HCO,E01,1980,ELC]
      2.96422421875        V_FlowIn[utopia,2000,inter,night,HCO,E01,2000,ELC]
      0.225782046875       V_FlowIn[utopia,2000,inter,night,HYD,E31,1980,ELC]
      0.0677346125         V_FlowIn[utopia,2000,inter,night,HYD,E31,1990,ELC]
      2.1414617            V_FlowIn[utopia,2000,inter,night,ethos,IMPDSL1,1990,DSL]
      2.1780606            V_FlowIn[utopia,2000,inter,night,ethos,IMPGSL1,1990,GSL]
      5.0988908            V_FlowIn[utopia,2000,inter,night,ethos,IMPHCO1,1990,HCO]
      0.29351666           V_FlowIn[utopia,2000,inter,night,ethos,IMPHYD,1990,HYD]
      0.14432900432900433  V_FlowIn[utopia,2000,summer,day,DSL,TXD,1980,TX]
      1.1257662337662337   V_FlowIn[utopia,2000,summer,day,DSL,TXD,2000,TX]
      1.26                 V_FlowIn[utopia,2000,summer,day,ELC,RL1,2000,RL]
      1.0824675324675324   V_FlowIn[utopia,2000,summer,day,GSL,TXG,1980,TX]
      3.276268398268398    V_FlowIn[utopia,2000,summer,day,GSL,TXG,2000,TX]
      1.3784700625         V_FlowIn[utopia,2000,summer,day,HCO,E01,1970,ELC]
      1.97164425           V_FlowIn[utopia,2000,summer,day,HCO,E01,1980,ELC]
      0.45183515625        V_FlowIn[utopia,2000,summer,day,HYD,E31,1980,ELC]
      0.135550540625       V_FlowIn[utopia,2000,summer,day,HYD,E31,1990,ELC]
      1.2700952            V_FlowIn[utopia,2000,summer,day,ethos,IMPDSL1,1990,DSL]
      4.3587359            V_FlowIn[utopia,2000,summer,day,ethos,IMPGSL1,1990,GSL]
      3.3501143            V_FlowIn[utopia,2000,summer,day,ethos,IMPHCO1,1990,HCO]
      0.58738568           V_FlowIn[utopia,2000,summer,day,ethos,IMPHYD,1990,HYD]
      0.07212121212121213  V_FlowIn[utopia,2000,summer,night,DSL,TXD,1980,TX]
      0.5625454545454546   V_FlowIn[utopia,2000,summer,night,DSL,TXD,2000,TX]
      0.20962208           V_FlowIn[utopia,2000,summer,night,ELC,E51,1980,ELC]
      0.42                 V_FlowIn[utopia,2000,summer,night,ELC,RL1,2000,RL]
      0.5409090909090909   V_FlowIn[utopia,2000,summer,night,GSL,TXG,1980,TX]
      1.6371515151515152   V_FlowIn[utopia,2000,summer,night,GSL,TXG,2000,TX]
      0.6888215625         V_FlowIn[utopia,2000,summer,night,HCO,E01,1970,ELC]
      0.98523075           V_FlowIn[utopia,2000,summer,night,HCO,E01,1980,ELC]
      0.225782046875       V_FlowIn[utopia,2000,summer,night,HYD,E31,1980,ELC]
      0.0677346125         V_FlowIn[utopia,2000,summer,night,HYD,E31,1990,ELC]
      0.63466667           V_FlowIn[utopia,2000,summer,night,ethos,IMPDSL1,1990,DSL]
      2.1780606            V_FlowIn[utopia,2000,summer,night,ethos,IMPGSL1,1990,GSL]
      1.6740523            V_FlowIn[utopia,2000,summer,night,ethos,IMPHCO1,1990,HCO]
      0.29351666           V_FlowIn[utopia,2000,summer,night,ethos,IMPHYD,1990,HYD]
      5.951785714285714    V_FlowIn[utopia,2000,winter,day,DSL,RHO,1980,RH]
      7.777628571428573    V_FlowIn[utopia,2000,winter,day,DSL,RHO,1990,RH]
      0.28857142857142853  V_FlowIn[utopia,2000,winter,day,DSL,TXD,1980,TX]
      2.2508571428571424   V_FlowIn[utopia,2000,winter,day,DSL,TXD,2000,TX]
     11.05467              V_FlowIn[utopia,2000,winter,day,ELC,RHE,2000,RH]
      4.2                  V_FlowIn[utopia,2000,winter,day,ELC,RL1,2000,RL]
      2.164285714285714    V_FlowIn[utopia,2000,winter,day,GSL,TXG,1980,TX]
      6.550571428571429    V_FlowIn[utopia,2000,winter,day,GSL,TXG,2000,TX]
      4.5991234375         V_FlowIn[utopia,2000,winter,day,HCO,E01,1970,ELC]
      3.9421056250000004   V_FlowIn[utopia,2000,winter,day,HCO,E01,1980,ELC]
     35.901809375          V_FlowIn[utopia,2000,winter,day,HCO,E01,2000,ELC]
      0.9033992500000001   V_FlowIn[utopia,2000,winter,day,HYD,E31,1980,ELC]
      0.27101976875        V_FlowIn[utopia,2000,winter,day,HYD,E31,1990,ELC]
     16.268843             V_FlowIn[utopia,2000,winter,day,ethos,IMPDSL1,1990,DSL]
      8.7148571            V_FlowIn[utopia,2000,winter,day,ethos,IMPGSL1,1990,GSL]
     44.443039             V_FlowIn[utopia,2000,winter,day,ethos,IMPHCO1,1990,HCO]
      1.174419             V_FlowIn[utopia,2000,winter,day,ethos,IMPHYD,1990,HYD]
      2.9753485714285715   V_FlowIn[utopia,2000,winter,night,DSL,RHO,1980,RH]
      3.8881030000000005   V_FlowIn[utopia,2000,winter,night,DSL,RHO,1990,RH]
      0.14432900432900433  V_FlowIn[utopia,2000,winter,night,DSL,TXD,1980,TX]
      1.1257662337662337   V_FlowIn[utopia,2000,winter,night,DSL,TXD,2000,TX]
      0.93465923           V_FlowIn[utopia,2000,winter,night,ELC,E51,1980,ELC]
      5.526324             V_FlowIn[utopia,2000,winter,night,ELC,RHE,2000,RH]
      0.84                 V_FlowIn[utopia,2000,winter,night,ELC,RL1,2000,RL]
      1.0824675324675324   V_FlowIn[utopia,2000,winter,night,GSL,TXG,1980,TX]
      3.276268398268398    V_FlowIn[utopia,2000,winter,night,GSL,TXG,2000,TX]
      2.300251625          V_FlowIn[utopia,2000,winter,night,HCO,E01,1970,ELC]
      1.97164425           V_FlowIn[utopia,2000,winter,night,HCO,E01,1980,ELC]
     17.9562909375         V_FlowIn[utopia,2000,winter,night,HCO,E01,2000,ELC]
      0.45183515625        V_FlowIn[utopia,2000,winter,night,HYD,E31,1980,ELC]
      0.135550540625       V_FlowIn[utopia,2000,winter,night,HYD,E31,1990,ELC]
      8.1335467            V_FlowIn[utopia,2000,winter,night,ethos,IMPDSL1,1990,DSL]
      4.3587359            V_FlowIn[utopia,2000,winter,night,ethos,IMPGSL1,1990,GSL]
     22.228187             V_FlowIn[utopia,2000,winter,night,ethos,IMPHCO1,1990,HCO]
      0.58738568           V_FlowIn[utopia,2000,winter,night,ethos,IMPHYD,1990,HYD]
      1.707180285714286    V_FlowIn[utopia,2010,inter,day,DSL,RHO,1990,RH]
      4.546409857142857    V_FlowIn[utopia,2010,inter,day,DSL,RHO,2010,RH]
      0.5628831168831169   V_FlowIn[utopia,2010,inter,day,DSL,TXD,2000,TX]
      2.872147186147186    V_FlowIn[utopia,2010,inter,day,DSL,TXD,2010,TX]
      2.4264869            V_FlowIn[utopia,2010,inter,day,ELC,RHE,2000,RH]
      1.89                 V_FlowIn[utopia,2010,inter,day,ELC,RL1,2010,RL]
      1.638134199134199    V_FlowIn[utopia,2010,inter,day,GSL,TXG,2000,TX]
      3.3628658008658006   V_FlowIn[utopia,2010,inter,day,GSL,TXG,2010,TX]
      1.97164425           V_FlowIn[utopia,2010,inter,day,HCO,E01,1980,ELC]
      9.569500937499999    V_FlowIn[utopia,2010,inter,day,HCO,E01,2000,ELC]
      0.45183515625        V_FlowIn[utopia,2010,inter,day,HYD,E31,1980,ELC]
      0.135550540625       V_FlowIn[utopia,2010,inter,day,HYD,E31,1990,ELC]
      9.6886204            V_FlowIn[utopia,2010,inter,day,ethos,IMPDSL1,1990,DSL]
      5.001                V_FlowIn[utopia,2010,inter,day,ethos,IMPGSL1,1990,GSL]
     11.541145             V_FlowIn[utopia,2010,inter,day,ethos,IMPHCO1,1990,HCO]
      0.58738568           V_FlowIn[utopia,2010,inter,day,ethos,IMPHYD,1990,HYD]
      0.8535901142857144   V_FlowIn[utopia,2010,inter,night,DSL,RHO,1990,RH]
      2.2732050000000004   V_FlowIn[utopia,2010,inter,night,DSL,RHO,2010,RH]
      0.2812727272727273   V_FlowIn[utopia,2010,inter,night,DSL,TXD,2000,TX]
      1.4352121212121212   V_FlowIn[utopia,2010,inter,night,DSL,TXD,2010,TX]
      0.09615737           V_FlowIn[utopia,2010,inter,night,ELC,E51,1980,ELC]
      1.2132435            V_FlowIn[utopia,2010,inter,night,ELC,RHE,2000,RH]
      0.63                 V_FlowIn[utopia,2010,inter,night,ELC,RL1,2010,RL]
      0.8185757575757576   V_FlowIn[utopia,2010,inter,night,GSL,TXG,2000,TX]
      1.6804242424242424   V_FlowIn[utopia,2010,inter,night,GSL,TXG,2010,TX]
      0.98523075           V_FlowIn[utopia,2010,inter,night,HCO,E01,1980,ELC]
      4.7818803125         V_FlowIn[utopia,2010,inter,night,HCO,E01,2000,ELC]
      0.225782046875       V_FlowIn[utopia,2010,inter,night,HYD,E31,1980,ELC]
      0.0677346125         V_FlowIn[utopia,2010,inter,night,HYD,E31,1990,ELC]
      4.8432799            V_FlowIn[utopia,2010,inter,night,ethos,IMPDSL1,1990,DSL]
      2.499                V_FlowIn[utopia,2010,inter,night,ethos,IMPGSL1,1990,GSL]
      5.7671109            V_FlowIn[utopia,2010,inter,night,ethos,IMPHCO1,1990,HCO]
      0.29351666           V_FlowIn[utopia,2010,inter,night,ethos,IMPHYD,1990,HYD]
      0.5628831168831169   V_FlowIn[utopia,2010,summer,day,DSL,TXD,2000,TX]
      2.872147186147186    V_FlowIn[utopia,2010,summer,day,DSL,TXD,2010,TX]
      1.89                 V_FlowIn[utopia,2010,summer,day,ELC,RL1,2010,RL]
      1.638134199134199    V_FlowIn[utopia,2010,summer,day,GSL,TXG,2000,TX]
      3.3628658008658006   V_FlowIn[utopia,2010,summer,day,GSL,TXG,2010,TX]
      5.3188643749999995   V_FlowIn[utopia,2010,summer,day,HCO,E01,2000,ELC]
      0.45183515625        V_FlowIn[utopia,2010,summer,day,HYD,E31,1980,ELC]
      0.135550540625       V_FlowIn[utopia,2010,summer,day,HYD,E31,1990,ELC]
      3.4350303            V_FlowIn[utopia,2010,summer,day,ethos,IMPDSL1,1990,DSL]
      5.001                V_FlowIn[utopia,2010,summer,day,ethos,IMPGSL1,1990,GSL]
      5.3188643            V_FlowIn[utopia,2010,summer,day,ethos,IMPHCO1,1990,HCO]
      0.58738568           V_FlowIn[utopia,2010,summer,day,ethos,IMPHYD,1990,HYD]
      0.2812727272727273   V_FlowIn[utopia,2010,summer,night,DSL,TXD,2000,TX]
      1.4352121212121212   V_FlowIn[utopia,2010,summer,night,DSL,TXD,2010,TX]
      0.31443311           V_FlowIn[utopia,2010,summer,night,ELC,E51,1980,ELC]
      0.63                 V_FlowIn[utopia,2010,summer,night,ELC,RL1,2010,RL]
      0.8185757575757576   V_FlowIn[utopia,2010,summer,night,GSL,TXG,2000,TX]
      1.6804242424242424   V_FlowIn[utopia,2010,summer,night,GSL,TXG,2010,TX]
      2.6578368125000003   V_FlowIn[utopia,2010,summer,night,HCO,E01,2000,ELC]
      0.225782046875       V_FlowIn[utopia,2010,summer,night,HYD,E31,1980,ELC]
      0.0677346125         V_FlowIn[utopia,2010,summer,night,HYD,E31,1990,ELC]
      1.7164848            V_FlowIn[utopia,2010,summer,night,ethos,IMPDSL1,1990,DSL]
      2.499                V_FlowIn[utopia,2010,summer,night,ethos,IMPGSL1,1990,GSL]
      2.6578368            V_FlowIn[utopia,2010,summer,night,ethos,IMPHCO1,1990,HCO]
      0.29351666           V_FlowIn[utopia,2010,summer,night,ethos,IMPHYD,1990,HYD]
      7.777628571428573    V_FlowIn[utopia,2010,winter,day,DSL,RHO,1990,RH]
     20.712685714285715    V_FlowIn[utopia,2010,winter,day,DSL,RHO,2010,RH]
      1.1254285714285712   V_FlowIn[utopia,2010,winter,day,DSL,TXD,2000,TX]
      5.742571428571429    V_FlowIn[utopia,2010,winter,day,DSL,TXD,2010,TX]
     11.05467              V_FlowIn[utopia,2010,winter,day,ELC,RHE,2000,RH]
      6.3                  V_FlowIn[utopia,2010,winter,day,ELC,RL1,2010,RL]
      3.2752857142857144   V_FlowIn[utopia,2010,winter,day,GSL,TXG,2000,TX]
      6.723714285714285    V_FlowIn[utopia,2010,winter,day,GSL,TXG,2010,TX]
      3.9421056250000004   V_FlowIn[utopia,2010,winter,day,HCO,E01,1980,ELC]
     35.901809375          V_FlowIn[utopia,2010,winter,day,HCO,E01,2000,ELC]
     11.03263625           V_FlowIn[utopia,2010,winter,day,HCO,E01,2010,ELC]
      0.9033992500000001   V_FlowIn[utopia,2010,winter,day,HYD,E31,1980,ELC]
      0.27101976875        V_FlowIn[utopia,2010,winter,day,HYD,E31,1990,ELC]
     35.358314             V_FlowIn[utopia,2010,winter,day,ethos,IMPDSL1,1990,DSL]
      9.999                V_FlowIn[utopia,2010,winter,day,ethos,IMPGSL1,1990,GSL]
     50.876552             V_FlowIn[utopia,2010,winter,day,ethos,IMPHCO1,1990,HCO]
      1.174419             V_FlowIn[utopia,2010,winter,day,ethos,IMPHYD,1990,HYD]
      3.8881030000000005   V_FlowIn[utopia,2010,winter,night,DSL,RHO,1990,RH]
     10.354448571428572    V_FlowIn[utopia,2010,winter,night,DSL,RHO,2010,RH]
      0.5628831168831169   V_FlowIn[utopia,2010,winter,night,DSL,TXD,2000,TX]
      2.872147186147186    V_FlowIn[utopia,2010,winter,night,DSL,TXD,2010,TX]
      2.2929261            V_FlowIn[utopia,2010,winter,night,ELC,E51,1980,ELC]
      0.22935618           V_FlowIn[utopia,2010,winter,night,ELC,E51,2010,ELC]
      5.526324             V_FlowIn[utopia,2010,winter,night,ELC,RHE,2000,RH]
      1.26                 V_FlowIn[utopia,2010,winter,night,ELC,RL1,2010,RL]
      1.638134199134199    V_FlowIn[utopia,2010,winter,night,GSL,TXG,2000,TX]
      3.3628658008658006   V_FlowIn[utopia,2010,winter,night,GSL,TXG,2010,TX]
      1.97164425           V_FlowIn[utopia,2010,winter,night,HCO,E01,1980,ELC]
     17.9562909375         V_FlowIn[utopia,2010,winter,night,HCO,E01,2000,ELC]
      5.517973125          V_FlowIn[utopia,2010,winter,night,HCO,E01,2010,ELC]
      0.45183515625        V_FlowIn[utopia,2010,winter,night,HYD,E31,1980,ELC]
      0.135550540625       V_FlowIn[utopia,2010,winter,night,HYD,E31,1990,ELC]
     17.677582             V_FlowIn[utopia,2010,winter,night,ethos,IMPDSL1,1990,DSL]
      5.001                V_FlowIn[utopia,2010,winter,night,ethos,IMPGSL1,1990,GSL]
     25.445908             V_FlowIn[utopia,2010,winter,night,ethos,IMPHCO1,1990,HCO]
      0.58738568           V_FlowIn[utopia,2010,winter,night,ethos,IMPHYD,1990,HYD]
      0.91448692           V_FlowOut[utopia,1990,inter,day,DSL,RHO,1970,RH]
      0.91448692           V_FlowOut[utopia,1990,inter,day,DSL,RHO,1980,RH]
      1.1950262            V_FlowOut[utopia,1990,inter,day,DSL,RHO,1990,RH]
      0.06668              V_FlowOut[utopia,1990,inter,day,DSL,TXD,1970,TX]
      0.03334              V_FlowOut[utopia,1990,inter,day,DSL,TXD,1980,TX]
      0.15966396           V_FlowOut[utopia,1990,inter,day,ELC,E51,1980,ELC]
      0.559944             V_FlowOut[utopia,1990,inter,day,ELC,RL1,1980,RL]
      0.280056             V_FlowOut[utopia,1990,inter,day,ELC,RL1,1990,RL]
      0.51677              V_FlowOut[utopia,1990,inter,day,GSL,TXG,1970,TX]
      0.25005              V_FlowOut[utopia,1990,inter,day,GSL,TXG,1980,TX]
      0.49237262           V_FlowOut[utopia,1990,inter,day,HCO,E01,1970,ELC]
      0.14458725           V_FlowOut[utopia,1990,inter,day,HYD,E31,1980,ELC]
      0.043376173          V_FlowOut[utopia,1990,inter,day,HYD,E31,1990,ELC]
      4.752987             V_FlowOut[utopia,1990,inter,day,ethos,IMPDSL1,1990,DSL]
      3.3195671            V_FlowOut[utopia,1990,inter,day,ethos,IMPGSL1,1990,GSL]
      1.5386644            V_FlowOut[utopia,1990,inter,day,ethos,IMPHCO1,1990,HCO]
      0.58738568           V_FlowOut[utopia,1990,inter,day,ethos,IMPHYD,1990,HYD]
      0.45724346           V_FlowOut[utopia,1990,inter,night,DSL,RHO,1970,RH]
      0.45724346           V_FlowOut[utopia,1990,inter,night,DSL,RHO,1980,RH]
      0.59751308           V_FlowOut[utopia,1990,inter,night,DSL,RHO,1990,RH]
      0.03332              V_FlowOut[utopia,1990,inter,night,DSL,TXD,1970,TX]
      0.01666              V_FlowOut[utopia,1990,inter,night,DSL,TXD,1980,TX]
      0.186648             V_FlowOut[utopia,1990,inter,night,ELC,RL1,1980,RL]
      0.093352             V_FlowOut[utopia,1990,inter,night,ELC,RL1,1990,RL]
      0.25823              V_FlowOut[utopia,1990,inter,night,GSL,TXG,1970,TX]
      0.12495              V_FlowOut[utopia,1990,inter,night,GSL,TXG,1980,TX]
      0.24603863           V_FlowOut[utopia,1990,inter,night,HCO,E01,1970,ELC]
      0.072250255          V_FlowOut[utopia,1990,inter,night,HYD,E31,1980,ELC]
      0.021675076          V_FlowOut[utopia,1990,inter,night,HYD,E31,1990,ELC]
      2.3763636            V_FlowOut[utopia,1990,inter,night,ethos,IMPDSL1,1990,DSL]
      1.6587879            V_FlowOut[utopia,1990,inter,night,ethos,IMPGSL1,1990,GSL]
      0.76887072           V_FlowOut[utopia,1990,inter,night,ethos,IMPHCO1,1990,HCO]
      0.29351666           V_FlowOut[utopia,1990,inter,night,ethos,IMPHYD,1990,HYD]
      0.06668              V_FlowOut[utopia,1990,summer,day,DSL,TXD,1970,TX]
      0.03334              V_FlowOut[utopia,1990,summer,day,DSL,TXD,1980,TX]
      0.559944             V_FlowOut[utopia,1990,summer,day,ELC,RL1,1980,RL]
      0.280056             V_FlowOut[utopia,1990,summer,day,ELC,RL1,1990,RL]
      0.51677              V_FlowOut[utopia,1990,summer,day,GSL,TXG,1970,TX]
      0.25005              V_FlowOut[utopia,1990,summer,day,GSL,TXG,1980,TX]
      0.65203658           V_FlowOut[utopia,1990,summer,day,HCO,E01,1960,ELC]
      0.14458725           V_FlowOut[utopia,1990,summer,day,HYD,E31,1980,ELC]
      0.043376173          V_FlowOut[utopia,1990,summer,day,HYD,E31,1990,ELC]
      0.43298701           V_FlowOut[utopia,1990,summer,day,ethos,IMPDSL1,1990,DSL]
      3.3195671            V_FlowOut[utopia,1990,summer,day,ethos,IMPGSL1,1990,GSL]
      2.0376143            V_FlowOut[utopia,1990,summer,day,ethos,IMPHCO1,1990,HCO]
      0.58738568           V_FlowOut[utopia,1990,summer,day,ethos,IMPHYD,1990,HYD]
      0.03332              V_FlowOut[utopia,1990,summer,night,DSL,TXD,1970,TX]
      0.01666              V_FlowOut[utopia,1990,summer,night,DSL,TXD,1980,TX]
      0.186648             V_FlowOut[utopia,1990,summer,night,ELC,RL1,1980,RL]
      0.093352             V_FlowOut[utopia,1990,summer,night,ELC,RL1,1990,RL]
      0.25823              V_FlowOut[utopia,1990,summer,night,GSL,TXG,1970,TX]
      0.12495              V_FlowOut[utopia,1990,summer,night,GSL,TXG,1980,TX]
      0.32582272           V_FlowOut[utopia,1990,summer,night,HCO,E01,1960,ELC]
      0.072250255          V_FlowOut[utopia,1990,summer,night,HYD,E31,1980,ELC]
      0.021675076          V_FlowOut[utopia,1990,summer,night,HYD,E31,1990,ELC]
      0.21636364           V_FlowOut[utopia,1990,summer,night,ethos,IMPDSL1,1990,DSL]
      1.6587879            V_FlowOut[utopia,1990,summer,night,ethos,IMPGSL1,1990,GSL]
      1.018196             V_FlowOut[utopia,1990,summer,night,ethos,IMPHCO1,1990,HCO]
      0.29351666           V_FlowOut[utopia,1990,summer,night,ethos,IMPHYD,1990,HYD]
      4.16625              V_FlowOut[utopia,1990,winter,day,DSL,RHO,1970,RH]
      4.16625              V_FlowOut[utopia,1990,winter,day,DSL,RHO,1980,RH]
      5.44434              V_FlowOut[utopia,1990,winter,day,DSL,RHO,1990,RH]
      0.13332              V_FlowOut[utopia,1990,winter,day,DSL,TXD,1970,TX]
      0.06666              V_FlowOut[utopia,1990,winter,day,DSL,TXD,1980,TX]
      0.43322377           V_FlowOut[utopia,1990,winter,day,ELC,E51,1980,ELC]
      1.86648              V_FlowOut[utopia,1990,winter,day,ELC,RL1,1980,RL]
      0.93352              V_FlowOut[utopia,1990,winter,day,ELC,RL1,1990,RL]
      1.03323              V_FlowOut[utopia,1990,winter,day,GSL,TXG,1970,TX]
      0.49995              V_FlowOut[utopia,1990,winter,day,GSL,TXG,1980,TX]
      1.4717195            V_FlowOut[utopia,1990,winter,day,HCO,E01,1970,ELC]
      0.51924267           V_FlowOut[utopia,1990,winter,day,HCO,E01,1980,ELC]
      0.28908776           V_FlowOut[utopia,1990,winter,day,HYD,E31,1980,ELC]
      0.086726326          V_FlowOut[utopia,1990,winter,day,HYD,E31,1990,ELC]
     20.546914             V_FlowOut[utopia,1990,winter,day,ethos,IMPDSL1,1990,DSL]
      6.6371429            V_FlowOut[utopia,1990,winter,day,ethos,IMPGSL1,1990,GSL]
      6.2217567            V_FlowOut[utopia,1990,winter,day,ethos,IMPHCO1,1990,HCO]
      1.174419             V_FlowOut[utopia,1990,winter,day,ethos,IMPHYD,1990,HYD]
      2.082744             V_FlowOut[utopia,1990,winter,night,DSL,RHO,1970,RH]
      2.082744             V_FlowOut[utopia,1990,winter,night,DSL,RHO,1980,RH]
      2.7216721            V_FlowOut[utopia,1990,winter,night,DSL,RHO,1990,RH]
      0.06668              V_FlowOut[utopia,1990,winter,night,DSL,TXD,1970,TX]
      0.03334              V_FlowOut[utopia,1990,winter,night,DSL,TXD,1980,TX]
      0.373296             V_FlowOut[utopia,1990,winter,night,ELC,RL1,1980,RL]
      0.186704             V_FlowOut[utopia,1990,winter,night,ELC,RL1,1990,RL]
      0.51677              V_FlowOut[utopia,1990,winter,night,GSL,TXG,1970,TX]
      0.25005              V_FlowOut[utopia,1990,winter,night,GSL,TXG,1980,TX]
      0.73608052           V_FlowOut[utopia,1990,winter,night,HCO,E01,1970,ELC]
      0.25969923           V_FlowOut[utopia,1990,winter,night,HCO,E01,1980,ELC]
      0.14458725           V_FlowOut[utopia,1990,winter,night,HYD,E31,1980,ELC]
      0.043376173          V_FlowOut[utopia,1990,winter,night,HYD,E31,1990,ELC]
     10.271787             V_FlowOut[utopia,1990,winter,night,ethos,IMPDSL1,1990,DSL]
      3.3195671            V_FlowOut[utopia,1990,winter,night,ethos,IMPGSL1,1990,GSL]
      3.1118117            V_FlowOut[utopia,1990,winter,night,ethos,IMPHCO1,1990,HCO]
      0.58738568           V_FlowOut[utopia,1990,winter,night,ethos,IMPHYD,1990,HYD]
      0.91448692           V_FlowOut[utopia,2000,inter,day,DSL,RHO,1980,RH]
      1.1950262            V_FlowOut[utopia,2000,inter,day,DSL,RHO,1990,RH]
      0.03334              V_FlowOut[utopia,2000,inter,day,DSL,TXD,1980,TX]
      0.260052             V_FlowOut[utopia,2000,inter,day,DSL,TXD,2000,TX]
      0.2332746            V_FlowOut[utopia,2000,inter,day,ELC,E51,1980,ELC]
      2.4264869            V_FlowOut[utopia,2000,inter,day,ELC,RHE,2000,RH]
      1.26                 V_FlowOut[utopia,2000,inter,day,ELC,RL1,2000,RL]
      0.25005              V_FlowOut[utopia,2000,inter,day,GSL,TXG,1980,TX]
      0.756818             V_FlowOut[utopia,2000,inter,day,GSL,TXG,2000,TX]
      0.73608052           V_FlowOut[utopia,2000,inter,day,HCO,E01,1970,ELC]
      0.63092616           V_FlowOut[utopia,2000,inter,day,HCO,E01,1980,ELC]
      1.8982422            V_FlowOut[utopia,2000,inter,day,HCO,E01,2000,ELC]
      0.14458725           V_FlowOut[utopia,2000,inter,day,HYD,E31,1980,ELC]
      0.043376173          V_FlowOut[utopia,2000,inter,day,HYD,E31,1990,ELC]
      4.2836854            V_FlowOut[utopia,2000,inter,day,ethos,IMPDSL1,1990,DSL]
      4.3587359            V_FlowOut[utopia,2000,inter,day,ethos,IMPGSL1,1990,GSL]
     10.203903             V_FlowOut[utopia,2000,inter,day,ethos,IMPHCO1,1990,HCO]
      0.58738568           V_FlowOut[utopia,2000,inter,day,ethos,IMPHYD,1990,HYD]
      0.45724346           V_FlowOut[utopia,2000,inter,night,DSL,RHO,1980,RH]
      0.59751308           V_FlowOut[utopia,2000,inter,night,DSL,RHO,1990,RH]
      0.01666              V_FlowOut[utopia,2000,inter,night,DSL,TXD,1980,TX]
      0.129948             V_FlowOut[utopia,2000,inter,night,DSL,TXD,2000,TX]
      1.2132435            V_FlowOut[utopia,2000,inter,night,ELC,RHE,2000,RH]
      0.42                 V_FlowOut[utopia,2000,inter,night,ELC,RL1,2000,RL]
      0.12495              V_FlowOut[utopia,2000,inter,night,GSL,TXG,1980,TX]
      0.378182             V_FlowOut[utopia,2000,inter,night,GSL,TXG,2000,TX]
      0.36781948           V_FlowOut[utopia,2000,inter,night,HCO,E01,1970,ELC]
      0.31527384           V_FlowOut[utopia,2000,inter,night,HCO,E01,1980,ELC]
      0.94855175           V_FlowOut[utopia,2000,inter,night,HCO,E01,2000,ELC]
      0.072250255          V_FlowOut[utopia,2000,inter,night,HYD,E31,1980,ELC]
      0.021675076          V_FlowOut[utopia,2000,inter,night,HYD,E31,1990,ELC]
      2.1414617            V_FlowOut[utopia,2000,inter,night,ethos,IMPDSL1,1990,DSL]
      2.1780606            V_FlowOut[utopia,2000,inter,night,ethos,IMPGSL1,1990,GSL]
      5.0988908            V_FlowOut[utopia,2000,inter,night,ethos,IMPHCO1,1990,HCO]
      0.29351666           V_FlowOut[utopia,2000,inter,night,ethos,IMPHYD,1990,HYD]
      0.03334              V_FlowOut[utopia,2000,summer,day,DSL,TXD,1980,TX]
      0.260052             V_FlowOut[utopia,2000,summer,day,DSL,TXD,2000,TX]
      1.26                 V_FlowOut[utopia,2000,summer,day,ELC,RL1,2000,RL]
      0.25005              V_FlowOut[utopia,2000,summer,day,GSL,TXG,1980,TX]
      0.756818             V_FlowOut[utopia,2000,summer,day,GSL,TXG,2000,TX]
      0.44111042           V_FlowOut[utopia,2000,summer,day,HCO,E01,1970,ELC]
      0.63092616           V_FlowOut[utopia,2000,summer,day,HCO,E01,1980,ELC]
      0.14458725           V_FlowOut[utopia,2000,summer,day,HYD,E31,1980,ELC]
      0.043376173          V_FlowOut[utopia,2000,summer,day,HYD,E31,1990,ELC]
      1.2700952            V_FlowOut[utopia,2000,summer,day,ethos,IMPDSL1,1990,DSL]
      4.3587359            V_FlowOut[utopia,2000,summer,day,ethos,IMPGSL1,1990,GSL]
      3.3501143            V_FlowOut[utopia,2000,summer,day,ethos,IMPHCO1,1990,HCO]
      0.58738568           V_FlowOut[utopia,2000,summer,day,ethos,IMPHYD,1990,HYD]
      0.01666              V_FlowOut[utopia,2000,summer,night,DSL,TXD,1980,TX]
      0.129948             V_FlowOut[utopia,2000,summer,night,DSL,TXD,2000,TX]
      0.42                 V_FlowOut[utopia,2000,summer,night,ELC,RL1,2000,RL]
      0.12495              V_FlowOut[utopia,2000,summer,night,GSL,TXG,1980,TX]
      0.378182             V_FlowOut[utopia,2000,summer,night,GSL,TXG,2000,TX]
      0.2204229            V_FlowOut[utopia,2000,summer,night,HCO,E01,1970,ELC]
      0.31527384           V_FlowOut[utopia,2000,summer,night,HCO,E01,1980,ELC]
      0.072250255          V_FlowOut[utopia,2000,summer,night,HYD,E31,1980,ELC]
      0.021675076          V_FlowOut[utopia,2000,summer,night,HYD,E31,1990,ELC]
      0.63466667           V_FlowOut[utopia,2000,summer,night,ethos,IMPDSL1,1990,DSL]
      2.1780606            V_FlowOut[utopia,2000,summer,night,ethos,IMPGSL1,1990,GSL]
      1.6740523            V_FlowOut[utopia,2000,summer,night,ethos,IMPHCO1,1990,HCO]
      0.29351666           V_FlowOut[utopia,2000,summer,night,ethos,IMPHYD,1990,HYD]
      4.16625              V_FlowOut[utopia,2000,winter,day,DSL,RHO,1980,RH]
      5.44434              V_FlowOut[utopia,2000,winter,day,DSL,RHO,1990,RH]
      0.06666              V_FlowOut[utopia,2000,winter,day,DSL,TXD,1980,TX]
      0.519948             V_FlowOut[utopia,2000,winter,day,DSL,TXD,2000,TX]
      0.65708333           V_FlowOut[utopia,2000,winter,day,ELC,E51,1980,ELC]
     11.05467              V_FlowOut[utopia,2000,winter,day,ELC,RHE,2000,RH]
      4.2                  V_FlowOut[utopia,2000,winter,day,ELC,RL1,2000,RL]
      0.49995              V_FlowOut[utopia,2000,winter,day,GSL,TXG,1980,TX]
      1.513182             V_FlowOut[utopia,2000,winter,day,GSL,TXG,2000,TX]
      1.4717195            V_FlowOut[utopia,2000,winter,day,HCO,E01,1970,ELC]
      1.2614738            V_FlowOut[utopia,2000,winter,day,HCO,E01,1980,ELC]
     11.488579             V_FlowOut[utopia,2000,winter,day,HCO,E01,2000,ELC]
      0.28908776           V_FlowOut[utopia,2000,winter,day,HYD,E31,1980,ELC]
      0.086726326          V_FlowOut[utopia,2000,winter,day,HYD,E31,1990,ELC]
     16.268843             V_FlowOut[utopia,2000,winter,day,ethos,IMPDSL1,1990,DSL]
      8.7148571            V_FlowOut[utopia,2000,winter,day,ethos,IMPGSL1,1990,GSL]
     44.443039             V_FlowOut[utopia,2000,winter,day,ethos,IMPHCO1,1990,HCO]
      1.174419             V_FlowOut[utopia,2000,winter,day,ethos,IMPHYD,1990,HYD]
      2.082744             V_FlowOut[utopia,2000,winter,night,DSL,RHO,1980,RH]
      2.7216721            V_FlowOut[utopia,2000,winter,night,DSL,RHO,1990,RH]
      0.03334              V_FlowOut[utopia,2000,winter,night,DSL,TXD,1980,TX]
      0.260052             V_FlowOut[utopia,2000,winter,night,DSL,TXD,2000,TX]
      5.526324             V_FlowOut[utopia,2000,winter,night,ELC,RHE,2000,RH]
      0.84                 V_FlowOut[utopia,2000,winter,night,ELC,RL1,2000,RL]
      0.25005              V_FlowOut[utopia,2000,winter,night,GSL,TXG,1980,TX]
      0.756818             V_FlowOut[utopia,2000,winter,night,GSL,TXG,2000,TX]
      0.73608052           V_FlowOut[utopia,2000,winter,night,HCO,E01,1970,ELC]
      0.63092616           V_FlowOut[utopia,2000,winter,night,HCO,E01,1980,ELC]
      5.7460131            V_FlowOut[utopia,2000,winter,night,HCO,E01,2000,ELC]
      0.14458725           V_FlowOut[utopia,2000,winter,night,HYD,E31,1980,ELC]
      0.043376173          V_FlowOut[utopia,2000,winter,night,HYD,E31,1990,ELC]
      8.1335467            V_FlowOut[utopia,2000,winter,night,ethos,IMPDSL1,1990,DSL]
      4.3587359            V_FlowOut[utopia,2000,winter,night,ethos,IMPGSL1,1990,GSL]
     22.228187             V_FlowOut[utopia,2000,winter,night,ethos,IMPHCO1,1990,HCO]
      0.58738568           V_FlowOut[utopia,2000,winter,night,ethos,IMPHYD,1990,HYD]
      1.1950262            V_FlowOut[utopia,2010,inter,day,DSL,RHO,1990,RH]
      3.1824869            V_FlowOut[utopia,2010,inter,day,DSL,RHO,2010,RH]
      0.130026             V_FlowOut[utopia,2010,inter,day,DSL,TXD,2000,TX]
      0.663466             V_FlowOut[utopia,2010,inter,day,DSL,TXD,2010,TX]
      0.31149646           V_FlowOut[utopia,2010,inter,day,ELC,E51,1980,ELC]
      0.12386059           V_FlowOut[utopia,2010,inter,day,ELC,E51,2010,ELC]
      2.4264869            V_FlowOut[utopia,2010,inter,day,ELC,RHE,2000,RH]
      1.89                 V_FlowOut[utopia,2010,inter,day,ELC,RL1,2010,RL]
      0.378409             V_FlowOut[utopia,2010,inter,day,GSL,TXG,2000,TX]
      0.776822             V_FlowOut[utopia,2010,inter,day,GSL,TXG,2010,TX]
      0.63092616           V_FlowOut[utopia,2010,inter,day,HCO,E01,1980,ELC]
      3.0622403            V_FlowOut[utopia,2010,inter,day,HCO,E01,2000,ELC]
      0.14458725           V_FlowOut[utopia,2010,inter,day,HYD,E31,1980,ELC]
      0.043376173          V_FlowOut[utopia,2010,inter,day,HYD,E31,1990,ELC]
      9.6886204            V_FlowOut[utopia,2010,inter,day,ethos,IMPDSL1,1990,DSL]
      5.001                V_FlowOut[utopia,2010,inter,day,ethos,IMPGSL1,1990,GSL]
     11.541145             V_FlowOut[utopia,2010,inter,day,ethos,IMPHCO1,1990,HCO]
      0.58738568           V_FlowOut[utopia,2010,inter,day,ethos,IMPHYD,1990,HYD]
      0.59751308           V_FlowOut[utopia,2010,inter,night,DSL,RHO,1990,RH]
      1.5912435            V_FlowOut[utopia,2010,inter,night,DSL,RHO,2010,RH]
      0.064974             V_FlowOut[utopia,2010,inter,night,DSL,TXD,2000,TX]
      0.331534             V_FlowOut[utopia,2010,inter,night,DSL,TXD,2010,TX]
      1.2132435            V_FlowOut[utopia,2010,inter,night,ELC,RHE,2000,RH]
      0.63                 V_FlowOut[utopia,2010,inter,night,ELC,RL1,2010,RL]
      0.189091             V_FlowOut[utopia,2010,inter,night,GSL,TXG,2000,TX]
      0.388178             V_FlowOut[utopia,2010,inter,night,GSL,TXG,2010,TX]
      0.31527384           V_FlowOut[utopia,2010,inter,night,HCO,E01,1980,ELC]
      1.5302017            V_FlowOut[utopia,2010,inter,night,HCO,E01,2000,ELC]
      0.072250255          V_FlowOut[utopia,2010,inter,night,HYD,E31,1980,ELC]
      0.021675076          V_FlowOut[utopia,2010,inter,night,HYD,E31,1990,ELC]
      4.8432799            V_FlowOut[utopia,2010,inter,night,ethos,IMPDSL1,1990,DSL]
      2.499                V_FlowOut[utopia,2010,inter,night,ethos,IMPGSL1,1990,GSL]
      5.7671109            V_FlowOut[utopia,2010,inter,night,ethos,IMPHCO1,1990,HCO]
      0.29351666           V_FlowOut[utopia,2010,inter,night,ethos,IMPHYD,1990,HYD]
      0.130026             V_FlowOut[utopia,2010,summer,day,DSL,TXD,2000,TX]
      0.663466             V_FlowOut[utopia,2010,summer,day,DSL,TXD,2010,TX]
      1.89                 V_FlowOut[utopia,2010,summer,day,ELC,RL1,2010,RL]
      0.378409             V_FlowOut[utopia,2010,summer,day,GSL,TXG,2000,TX]
      0.776822             V_FlowOut[utopia,2010,summer,day,GSL,TXG,2010,TX]
      1.7020366            V_FlowOut[utopia,2010,summer,day,HCO,E01,2000,ELC]
      0.14458725           V_FlowOut[utopia,2010,summer,day,HYD,E31,1980,ELC]
      0.043376173          V_FlowOut[utopia,2010,summer,day,HYD,E31,1990,ELC]
      3.4350303            V_FlowOut[utopia,2010,summer,day,ethos,IMPDSL1,1990,DSL]
      5.001                V_FlowOut[utopia,2010,summer,day,ethos,IMPGSL1,1990,GSL]
      5.3188643            V_FlowOut[utopia,2010,summer,day,ethos,IMPHCO1,1990,HCO]
      0.58738568           V_FlowOut[utopia,2010,summer,day,ethos,IMPHYD,1990,HYD]
      0.064974             V_FlowOut[utopia,2010,summer,night,DSL,TXD,2000,TX]
      0.331534             V_FlowOut[utopia,2010,summer,night,DSL,TXD,2010,TX]
      0.63                 V_FlowOut[utopia,2010,summer,night,ELC,RL1,2010,RL]
      0.189091             V_FlowOut[utopia,2010,summer,night,GSL,TXG,2000,TX]
      0.388178             V_FlowOut[utopia,2010,summer,night,GSL,TXG,2010,TX]
      0.85050778           V_FlowOut[utopia,2010,summer,night,HCO,E01,2000,ELC]
      0.072250255          V_FlowOut[utopia,2010,summer,night,HYD,E31,1980,ELC]
      0.021675076          V_FlowOut[utopia,2010,summer,night,HYD,E31,1990,ELC]
      1.7164848            V_FlowOut[utopia,2010,summer,night,ethos,IMPDSL1,1990,DSL]
      2.499                V_FlowOut[utopia,2010,summer,night,ethos,IMPGSL1,1990,GSL]
      2.6578368            V_FlowOut[utopia,2010,summer,night,ethos,IMPHCO1,1990,HCO]
      0.29351666           V_FlowOut[utopia,2010,summer,night,ethos,IMPHYD,1990,HYD]
      5.44434              V_FlowOut[utopia,2010,winter,day,DSL,RHO,1990,RH]
     14.49888              V_FlowOut[utopia,2010,winter,day,DSL,RHO,2010,RH]
      0.259974             V_FlowOut[utopia,2010,winter,day,DSL,TXD,2000,TX]
      1.326534             V_FlowOut[utopia,2010,winter,day,DSL,TXD,2010,TX]
      0.65708333           V_FlowOut[utopia,2010,winter,day,ELC,E51,1980,ELC]
      0.041275856          V_FlowOut[utopia,2010,winter,day,ELC,E51,2010,ELC]
     11.05467              V_FlowOut[utopia,2010,winter,day,ELC,RHE,2000,RH]
      6.3                  V_FlowOut[utopia,2010,winter,day,ELC,RL1,2010,RL]
      0.756591             V_FlowOut[utopia,2010,winter,day,GSL,TXG,2000,TX]
      1.553178             V_FlowOut[utopia,2010,winter,day,GSL,TXG,2010,TX]
      1.2614738            V_FlowOut[utopia,2010,winter,day,HCO,E01,1980,ELC]
     11.488579             V_FlowOut[utopia,2010,winter,day,HCO,E01,2000,ELC]
      3.5304436            V_FlowOut[utopia,2010,winter,day,HCO,E01,2010,ELC]
      0.28908776           V_FlowOut[utopia,2010,winter,day,HYD,E31,1980,ELC]
      0.086726326          V_FlowOut[utopia,2010,winter,day,HYD,E31,1990,ELC]
     35.358314             V_FlowOut[utopia,2010,winter,day,ethos,IMPDSL1,1990,DSL]
      9.999                V_FlowOut[utopia,2010,winter,day,ethos,IMPGSL1,1990,GSL]
     50.876552             V_FlowOut[utopia,2010,winter,day,ethos,IMPHCO1,1990,HCO]
      1.174419             V_FlowOut[utopia,2010,winter,day,ethos,IMPHYD,1990,HYD]
      2.7216721            V_FlowOut[utopia,2010,winter,night,DSL,RHO,1990,RH]
      7.248114             V_FlowOut[utopia,2010,winter,night,DSL,RHO,2010,RH]
      0.130026             V_FlowOut[utopia,2010,winter,night,DSL,TXD,2000,TX]
      0.663466             V_FlowOut[utopia,2010,winter,night,DSL,TXD,2010,TX]
      0.97795218           V_FlowOut[utopia,2010,winter,night,ELC,E51,1980,ELC]
      5.526324             V_FlowOut[utopia,2010,winter,night,ELC,RHE,2000,RH]
      1.26                 V_FlowOut[utopia,2010,winter,night,ELC,RL1,2010,RL]
      0.378409             V_FlowOut[utopia,2010,winter,night,GSL,TXG,2000,TX]
      0.776822             V_FlowOut[utopia,2010,winter,night,GSL,TXG,2010,TX]
      0.63092616           V_FlowOut[utopia,2010,winter,night,HCO,E01,1980,ELC]
      5.7460131            V_FlowOut[utopia,2010,winter,night,HCO,E01,2000,ELC]
      1.7657514            V_FlowOut[utopia,2010,winter,night,HCO,E01,2010,ELC]
      0.14458725           V_FlowOut[utopia,2010,winter,night,HYD,E31,1980,ELC]
      0.043376173          V_FlowOut[utopia,2010,winter,night,HYD,E31,1990,ELC]
     17.677582             V_FlowOut[utopia,2010,winter,night,ethos,IMPDSL1,1990,DSL]
      5.001                V_FlowOut[utopia,2010,winter,night,ethos,IMPGSL1,1990,GSL]
     25.445908             V_FlowOut[utopia,2010,winter,night,ethos,IMPHCO1,1990,HCO]
      0.58738568           V_FlowOut[utopia,2010,winter,night,ethos,IMPHYD,1990,HYD]
      0.51329069           V_StorageLevel[utopia,1990,inter,day,E51,1980]
      0.55646474           V_StorageLevel[utopia,1990,inter,night,E51,1980]
      0.55646474           V_StorageLevel[utopia,1990,summer,day,E51,1980]
      0.65708333           V_StorageLevel[utopia,1990,summer,night,E51,1980]
      0.22385956           V_StorageLevel[utopia,1990,winter,day,E51,1980]
      0.43968004           V_StorageLevel[utopia,2000,inter,day,E51,1980]
      0.50615544           V_StorageLevel[utopia,2000,inter,night,E51,1980]
      0.50615544           V_StorageLevel[utopia,2000,summer,day,E51,1980]
      0.65708333           V_StorageLevel[utopia,2000,summer,night,E51,1980]
      0.36145819           V_StorageLevel[utopia,2010,inter,day,E51,1980]
      0.041275856          V_StorageLevel[utopia,2010,inter,day,E51,2010]
      0.43069149           V_StorageLevel[utopia,2010,inter,night,E51,1980]
      0.041275856          V_StorageLevel[utopia,2010,inter,night,E51,2010]
      0.43069149           V_StorageLevel[utopia,2010,summer,day,E51,1980]
      0.041275856          V_StorageLevel[utopia,2010,summer,day,E51,2010]
      0.65708333           V_StorageLevel[utopia,2010,summer,night,E51,1980]
      0.041275856          V_StorageLevel[utopia,2010,summer,night,E51,2010]

Selected Coopr solver plugin does not give constraint data.


If you use these results for a published article, please run Temoa with the '--how_to_cite' command line argument for citation information.
